# JRE version: OpenJDK Runtime Environment (8.0_242-b01) (build 1.8.0_242-release-1644-b01)
# Java VM: OpenJDK 64-Bit Server VM (25.242-b01 mixed mode windows-amd64 compressed oops)
Heap:
 PSYoungGen      total 53248K, used 33322K [0x00000000d5580000, 0x00000000d8d80000, 0x0000000100000000)
  eden space 49152K, 59% used [0x00000000d5580000,0x00000000d720d798,0x00000000d8580000)
  from space 4096K, 99% used [0x00000000d8580000,0x00000000d897d320,0x00000000d8980000)
  to   space 4096K, 0% used [0x00000000d8980000,0x00000000d8980000,0x00000000d8d80000)
 ParOldGen       total 65536K, used 5688K [0x0000000080000000, 0x0000000084000000, 0x00000000d5580000)
  object space 65536K, 8% used [0x0000000080000000,0x000000008058e158,0x0000000084000000)
 Metaspace       used 17042K, capacity 17732K, committed 18048K, reserved 1064960K
  class space    used 2394K, capacity 2582K, committed 2688K, reserved 1048576K
GC Heap History (10 events):
Event: 1.405 GC heap before
{Heap before GC invocations=1 (full 0):
 PSYoungGen      total 28672K, used 24576K [0x00000000d5580000, 0x00000000d7580000, 0x0000000100000000)
  eden space 24576K, 100% used [0x00000000d5580000,0x00000000d6d80000,0x00000000d6d80000)
  from space 4096K, 0% used [0x00000000d7180000,0x00000000d7180000,0x00000000d7580000)
  to   space 4096K, 0% used [0x00000000d6d80000,0x00000000d6d80000,0x00000000d7180000)
 ParOldGen       total 65536K, used 0K [0x0000000080000000, 0x0000000084000000, 0x00000000d5580000)
  object space 65536K, 0% used [0x0000000080000000,0x0000000080000000,0x0000000084000000)
 Metaspace       used 6782K, capacity 7088K, committed 7424K, reserved 1056768K
  class space    used 822K, capacity 919K, committed 1024K, reserved 1048576K
Event: 1.409 GC heap after
Heap after GC invocations=1 (full 0):
 PSYoungGen      total 28672K, used 3295K [0x00000000d5580000, 0x00000000d7580000, 0x0000000100000000)
  eden space 24576K, 0% used [0x00000000d5580000,0x00000000d5580000,0x00000000d6d80000)
  from space 4096K, 80% used [0x00000000d6d80000,0x00000000d70b7f98,0x00000000d7180000)
  to   space 4096K, 0% used [0x00000000d7180000,0x00000000d7180000,0x00000000d7580000)
 ParOldGen       total 65536K, used 8K [0x0000000080000000, 0x0000000084000000, 0x00000000d5580000)
  object space 65536K, 0% used [0x0000000080000000,0x0000000080002000,0x0000000084000000)
 Metaspace       used 6782K, capacity 7088K, committed 7424K, reserved 1056768K
  class space    used 822K, capacity 919K, committed 1024K, reserved 1048576K
}
Event: 1.775 GC heap before
{Heap before GC invocations=2 (full 0):
 PSYoungGen      total 28672K, used 27871K [0x00000000d5580000, 0x00000000d7580000, 0x0000000100000000)
  eden space 24576K, 100% used [0x00000000d5580000,0x00000000d6d80000,0x00000000d6d80000)
  from space 4096K, 80% used [0x00000000d6d80000,0x00000000d70b7f98,0x00000000d7180000)
  to   space 4096K, 0% used [0x00000000d7180000,0x00000000d7180000,0x00000000d7580000)
 ParOldGen       total 65536K, used 8K [0x0000000080000000, 0x0000000084000000, 0x00000000d5580000)
  object space 65536K, 0% used [0x0000000080000000,0x0000000080002000,0x0000000084000000)
 Metaspace       used 7747K, capacity 8006K, committed 8320K, reserved 1056768K
  class space    used 948K, capacity 1054K, committed 1152K, reserved 1048576K
Event: 1.781 GC heap after
Heap after GC invocations=2 (full 0):
 PSYoungGen      total 28672K, used 4090K [0x00000000d5580000, 0x00000000d7580000, 0x0000000100000000)
  eden space 24576K, 0% used [0x00000000d5580000,0x00000000d5580000,0x00000000d6d80000)
  from space 4096K, 99% used [0x00000000d7180000,0x00000000d757ebc8,0x00000000d7580000)
  to   space 4096K, 0% used [0x00000000d6d80000,0x00000000d6d80000,0x00000000d7180000)
 ParOldGen       total 65536K, used 71K [0x0000000080000000, 0x0000000084000000, 0x00000000d5580000)
  object space 65536K, 0% used [0x0000000080000000,0x0000000080011d08,0x0000000084000000)
 Metaspace       used 7747K, capacity 8006K, committed 8320K, reserved 1056768K
  class space    used 948K, capacity 1054K, committed 1152K, reserved 1048576K
}
Event: 2.005 GC heap before
{Heap before GC invocations=3 (full 0):
 PSYoungGen      total 28672K, used 28666K [0x00000000d5580000, 0x00000000d7580000, 0x0000000100000000)
  eden space 24576K, 100% used [0x00000000d5580000,0x00000000d6d80000,0x00000000d6d80000)
  from space 4096K, 99% used [0x00000000d7180000,0x00000000d757ebc8,0x00000000d7580000)
  to   space 4096K, 0% used [0x00000000d6d80000,0x00000000d6d80000,0x00000000d7180000)
 ParOldGen       total 65536K, used 71K [0x0000000080000000, 0x0000000084000000, 0x00000000d5580000)
  object space 65536K, 0% used [0x0000000080000000,0x0000000080011d08,0x0000000084000000)
 Metaspace       used 7872K, capacity 8134K, committed 8320K, reserved 1056768K
  class space    used 957K, capacity 1054K, committed 1152K, reserved 1048576K
Event: 2.009 GC heap after
Heap after GC invocations=3 (full 0):
 PSYoungGen      total 28672K, used 3560K [0x00000000d5580000, 0x00000000d8d80000, 0x0000000100000000)
  eden space 24576K, 0% used [0x00000000d5580000,0x00000000d5580000,0x00000000d6d80000)
  from space 4096K, 86% used [0x00000000d6d80000,0x00000000d70fa268,0x00000000d7180000)
  to   space 4096K, 0% used [0x00000000d8980000,0x00000000d8980000,0x00000000d8d80000)
 ParOldGen       total 65536K, used 79K [0x0000000080000000, 0x0000000084000000, 0x00000000d5580000)
  object space 65536K, 0% used [0x0000000080000000,0x0000000080013d08,0x0000000084000000)
 Metaspace       used 7872K, capacity 8134K, committed 8320K, reserved 1056768K
  class space    used 957K, capacity 1054K, committed 1152K, reserved 1048576K
}
Event: 2.246 GC heap before
{Heap before GC invocations=4 (full 0):
 PSYoungGen      total 28672K, used 28136K [0x00000000d5580000, 0x00000000d8d80000, 0x0000000100000000)
  eden space 24576K, 100% used [0x00000000d5580000,0x00000000d6d80000,0x00000000d6d80000)
  from space 4096K, 86% used [0x00000000d6d80000,0x00000000d70fa268,0x00000000d7180000)
  to   space 4096K, 0% used [0x00000000d8980000,0x00000000d8980000,0x00000000d8d80000)
 ParOldGen       total 65536K, used 79K [0x0000000080000000, 0x0000000084000000, 0x00000000d5580000)
  object space 65536K, 0% used [0x0000000080000000,0x0000000080013d08,0x0000000084000000)
 Metaspace       used 9803K, capacity 10112K, committed 10240K, reserved 1058816K
  class space    used 1283K, capacity 1416K, committed 1536K, reserved 1048576K
Event: 2.252 GC heap after
Heap after GC invocations=4 (full 0):
 PSYoungGen      total 53248K, used 4084K [0x00000000d5580000, 0x00000000d8d80000, 0x0000000100000000)
  eden space 49152K, 0% used [0x00000000d5580000,0x00000000d5580000,0x00000000d8580000)
  from space 4096K, 99% used [0x00000000d8980000,0x00000000d8d7d300,0x00000000d8d80000)
  to   space 4096K, 0% used [0x00000000d8580000,0x00000000d8580000,0x00000000d8980000)
 ParOldGen       total 65536K, used 1292K [0x0000000080000000, 0x0000000084000000, 0x00000000d5580000)
  object space 65536K, 1% used [0x0000000080000000,0x00000000801430b8,0x0000000084000000)
 Metaspace       used 9803K, capacity 10112K, committed 10240K, reserved 1058816K
  class space    used 1283K, capacity 1416K, committed 1536K, reserved 1048576K
}
Event: 3.385 GC heap before
{Heap before GC invocations=5 (full 0):
 PSYoungGen      total 53248K, used 53236K [0x00000000d5580000, 0x00000000d8d80000, 0x0000000100000000)
  eden space 49152K, 100% used [0x00000000d5580000,0x00000000d8580000,0x00000000d8580000)
  from space 4096K, 99% used [0x00000000d8980000,0x00000000d8d7d300,0x00000000d8d80000)
  to   space 4096K, 0% used [0x00000000d8580000,0x00000000d8580000,0x00000000d8980000)
 ParOldGen       total 65536K, used 1292K [0x0000000080000000, 0x0000000084000000, 0x00000000d5580000)
  object space 65536K, 1% used [0x0000000080000000,0x00000000801430b8,0x0000000084000000)
 Metaspace       used 14754K, capacity 15258K, committed 15616K, reserved 1062912K
  class space    used 2026K, capacity 2213K, committed 2304K, reserved 1048576K
Event: 3.400 GC heap after
Heap after GC invocations=5 (full 0):
 PSYoungGen      total 53248K, used 4084K [0x00000000d5580000, 0x00000000d8d80000, 0x0000000100000000)
  eden space 49152K, 0% used [0x00000000d5580000,0x00000000d5580000,0x00000000d8580000)
  from space 4096K, 99% used [0x00000000d8580000,0x00000000d897d320,0x00000000d8980000)
  to   space 4096K, 0% used [0x00000000d8980000,0x00000000d8980000,0x00000000d8d80000)
 ParOldGen       total 65536K, used 5688K [0x0000000080000000, 0x0000000084000000, 0x00000000d5580000)
  object space 65536K, 8% used [0x0000000080000000,0x000000008058e158,0x0000000084000000)
 Metaspace       used 14754K, capacity 15258K, committed 15616K, reserved 1062912K
  class space    used 2026K, capacity 2213K, committed 2304K, reserved 1048576K
}

