# JRE version: OpenJDK Runtime Environment (8.0_242-b01) (build 1.8.0_242-release-1644-b01)
# Java VM: OpenJDK 64-Bit Server VM (25.242-b01 mixed mode windows-amd64 compressed oops)
Heap:
 PSYoungGen      total 106496K, used 50554K [0x00000000d5580000, 0x00000000dc880000, 0x0000000100000000)
  eden space 96768K, 52% used [0x00000000d5580000,0x00000000d86debe8,0x00000000db400000)
  from space 9728K, 0% used [0x00000000db400000,0x00000000db400000,0x00000000dbd80000)
  to   space 8192K, 0% used [0x00000000dbd80000,0x00000000dbd80000,0x00000000dc580000)
 ParOldGen       total 67072K, used 15303K [0x0000000080000000, 0x0000000084180000, 0x00000000d5580000)
  object space 67072K, 22% used [0x0000000080000000,0x0000000080ef1f68,0x0000000084180000)
 Metaspace       used 36786K, capacity 38570K, committed 38784K, reserved 1083392K
  class space    used 5005K, capacity 5391K, committed 5504K, reserved 1048576K
GC Heap History (10 events):
Event: 9.654 GC heap before
{Heap before GC invocations=7 (full 0):
 PSYoungGen      total 104960K, used 39546K [0x00000000d5580000, 0x00000000dc880000, 0x0000000100000000)
  eden space 96768K, 32% used [0x00000000d5580000,0x00000000d74242b8,0x00000000db400000)
  from space 8192K, 99% used [0x00000000dbd80000,0x00000000dc57a728,0x00000000dc580000)
  to   space 9728K, 0% used [0x00000000db400000,0x00000000db400000,0x00000000dbd80000)
 ParOldGen       total 65536K, used 5904K [0x0000000080000000, 0x0000000084000000, 0x00000000d5580000)
  object space 65536K, 9% used [0x0000000080000000,0x00000000805c40f8,0x0000000084000000)
 Metaspace       used 20419K, capacity 21282K, committed 21296K, reserved 1067008K
  class space    used 2952K, capacity 3187K, committed 3200K, reserved 1048576K
Event: 9.665 GC heap after
Heap after GC invocations=7 (full 0):
 PSYoungGen      total 106496K, used 6215K [0x00000000d5580000, 0x00000000dc880000, 0x0000000100000000)
  eden space 96768K, 0% used [0x00000000d5580000,0x00000000d5580000,0x00000000db400000)
  from space 9728K, 63% used [0x00000000db400000,0x00000000dba11d00,0x00000000dbd80000)
  to   space 8192K, 0% used [0x00000000dbd80000,0x00000000dbd80000,0x00000000dc580000)
 ParOldGen       total 65536K, used 7569K [0x0000000080000000, 0x0000000084000000, 0x00000000d5580000)
  object space 65536K, 11% used [0x0000000080000000,0x00000000807646a8,0x0000000084000000)
 Metaspace       used 20419K, capacity 21282K, committed 21296K, reserved 1067008K
  class space    used 2952K, capacity 3187K, committed 3200K, reserved 1048576K
}
Event: 9.665 GC heap before
{Heap before GC invocations=8 (full 1):
 PSYoungGen      total 106496K, used 6215K [0x00000000d5580000, 0x00000000dc880000, 0x0000000100000000)
  eden space 96768K, 0% used [0x00000000d5580000,0x00000000d5580000,0x00000000db400000)
  from space 9728K, 63% used [0x00000000db400000,0x00000000dba11d00,0x00000000dbd80000)
  to   space 8192K, 0% used [0x00000000dbd80000,0x00000000dbd80000,0x00000000dc580000)
 ParOldGen       total 65536K, used 7569K [0x0000000080000000, 0x0000000084000000, 0x00000000d5580000)
  object space 65536K, 11% used [0x0000000080000000,0x00000000807646a8,0x0000000084000000)
 Metaspace       used 20419K, capacity 21282K, committed 21296K, reserved 1067008K
  class space    used 2952K, capacity 3187K, committed 3200K, reserved 1048576K
Event: 9.724 GC heap after
Heap after GC invocations=8 (full 1):
 PSYoungGen      total 106496K, used 0K [0x00000000d5580000, 0x00000000dc880000, 0x0000000100000000)
  eden space 96768K, 0% used [0x00000000d5580000,0x00000000d5580000,0x00000000db400000)
  from space 9728K, 0% used [0x00000000db400000,0x00000000db400000,0x00000000dbd80000)
  to   space 8192K, 0% used [0x00000000dbd80000,0x00000000dbd80000,0x00000000dc580000)
 ParOldGen       total 44544K, used 8940K [0x0000000080000000, 0x0000000082b80000, 0x00000000d5580000)
  object space 44544K, 20% used [0x0000000080000000,0x00000000808bb0c8,0x0000000082b80000)
 Metaspace       used 20419K, capacity 21282K, committed 21296K, reserved 1067008K
  class space    used 2952K, capacity 3187K, committed 3200K, reserved 1048576K
}
Event: 12.990 GC heap before
{Heap before GC invocations=9 (full 1):
 PSYoungGen      total 106496K, used 96768K [0x00000000d5580000, 0x00000000dc880000, 0x0000000100000000)
  eden space 96768K, 100% used [0x00000000d5580000,0x00000000db400000,0x00000000db400000)
  from space 9728K, 0% used [0x00000000db400000,0x00000000db400000,0x00000000dbd80000)
  to   space 8192K, 0% used [0x00000000dbd80000,0x00000000dbd80000,0x00000000dc580000)
 ParOldGen       total 44544K, used 8940K [0x0000000080000000, 0x0000000082b80000, 0x00000000d5580000)
  object space 44544K, 20% used [0x0000000080000000,0x00000000808bb0c8,0x0000000082b80000)
 Metaspace       used 30086K, capacity 31504K, committed 31872K, reserved 1077248K
  class space    used 4293K, capacity 4621K, committed 4736K, reserved 1048576K
Event: 13.001 GC heap after
Heap after GC invocations=9 (full 1):
 PSYoungGen      total 104960K, used 8170K [0x00000000d5580000, 0x00000000dc880000, 0x0000000100000000)
  eden space 96768K, 0% used [0x00000000d5580000,0x00000000d5580000,0x00000000db400000)
  from space 8192K, 99% used [0x00000000dbd80000,0x00000000dc57aa60,0x00000000dc580000)
  to   space 9728K, 0% used [0x00000000db400000,0x00000000db400000,0x00000000dbd80000)
 ParOldGen       total 44544K, used 11082K [0x0000000080000000, 0x0000000082b80000, 0x00000000d5580000)
  object space 44544K, 24% used [0x0000000080000000,0x0000000080ad28c0,0x0000000082b80000)
 Metaspace       used 30086K, capacity 31504K, committed 31872K, reserved 1077248K
  class space    used 4293K, capacity 4621K, committed 4736K, reserved 1048576K
}
Event: 13.785 GC heap before
{Heap before GC invocations=10 (full 1):
 PSYoungGen      total 104960K, used 70612K [0x00000000d5580000, 0x00000000dc880000, 0x0000000100000000)
  eden space 96768K, 64% used [0x00000000d5580000,0x00000000d927a790,0x00000000db400000)
  from space 8192K, 99% used [0x00000000dbd80000,0x00000000dc57aa60,0x00000000dc580000)
  to   space 9728K, 0% used [0x00000000db400000,0x00000000db400000,0x00000000dbd80000)
 ParOldGen       total 44544K, used 11082K [0x0000000080000000, 0x0000000082b80000, 0x00000000d5580000)
  object space 44544K, 24% used [0x0000000080000000,0x0000000080ad28c0,0x0000000082b80000)
 Metaspace       used 33938K, capacity 35472K, committed 35496K, reserved 1079296K
  class space    used 4737K, capacity 5109K, committed 5120K, reserved 1048576K
Event: 13.797 GC heap after
Heap after GC invocations=10 (full 1):
 PSYoungGen      total 106496K, used 8488K [0x00000000d5580000, 0x00000000dc880000, 0x0000000100000000)
  eden space 96768K, 0% used [0x00000000d5580000,0x00000000d5580000,0x00000000db400000)
  from space 9728K, 87% used [0x00000000db400000,0x00000000dbc4a308,0x00000000dbd80000)
  to   space 8192K, 0% used [0x00000000dbd80000,0x00000000dbd80000,0x00000000dc580000)
 ParOldGen       total 44544K, used 11090K [0x0000000080000000, 0x0000000082b80000, 0x00000000d5580000)
  object space 44544K, 24% used [0x0000000080000000,0x0000000080ad48c0,0x0000000082b80000)
 Metaspace       used 33938K, capacity 35472K, committed 35496K, reserved 1079296K
  class space    used 4737K, capacity 5109K, committed 5120K, reserved 1048576K
}
Event: 13.797 GC heap before
{Heap before GC invocations=11 (full 2):
 PSYoungGen      total 106496K, used 8488K [0x00000000d5580000, 0x00000000dc880000, 0x0000000100000000)
  eden space 96768K, 0% used [0x00000000d5580000,0x00000000d5580000,0x00000000db400000)
  from space 9728K, 87% used [0x00000000db400000,0x00000000dbc4a308,0x00000000dbd80000)
  to   space 8192K, 0% used [0x00000000dbd80000,0x00000000dbd80000,0x00000000dc580000)
 ParOldGen       total 44544K, used 11090K [0x0000000080000000, 0x0000000082b80000, 0x00000000d5580000)
  object space 44544K, 24% used [0x0000000080000000,0x0000000080ad48c0,0x0000000082b80000)
 Metaspace       used 33938K, capacity 35472K, committed 35496K, reserved 1079296K
  class space    used 4737K, capacity 5109K, committed 5120K, reserved 1048576K
Event: 13.871 GC heap after
Heap after GC invocations=11 (full 2):
 PSYoungGen      total 106496K, used 0K [0x00000000d5580000, 0x00000000dc880000, 0x0000000100000000)
  eden space 96768K, 0% used [0x00000000d5580000,0x00000000d5580000,0x00000000db400000)
  from space 9728K, 0% used [0x00000000db400000,0x00000000db400000,0x00000000dbd80000)
  to   space 8192K, 0% used [0x00000000dbd80000,0x00000000dbd80000,0x00000000dc580000)
 ParOldGen       total 67072K, used 15303K [0x0000000080000000, 0x0000000084180000, 0x00000000d5580000)
  object space 67072K, 22% used [0x0000000080000000,0x0000000080ef1f68,0x0000000084180000)
 Metaspace       used 33938K, capacity 35472K, committed 35496K, reserved 1079296K
  class space    used 4737K, capacity 5109K, committed 5120K, reserved 1048576K
}

