# JRE version: OpenJDK Runtime Environment (8.0_242-b01) (build 1.8.0_242-release-1644-b01)
# Java VM: OpenJDK 64-Bit Server VM (25.242-b01 mixed mode windows-amd64 compressed oops)
Heap:
 PSYoungGen      total 521728K, used 262006K [0x00000000d5580000, 0x00000000f9c00000, 0x0000000100000000)
  eden space 508928K, 50% used [0x00000000d5580000,0x00000000e5025a98,0x00000000f4680000)
  from space 12800K, 41% used [0x00000000f4680000,0x00000000f4bb8010,0x00000000f5300000)
  to   space 12288K, 0% used [0x00000000f9000000,0x00000000f9000000,0x00000000f9c00000)
 ParOldGen       total 65024K, used 48022K [0x0000000080000000, 0x0000000083f80000, 0x00000000d5580000)
  object space 65024K, 73% used [0x0000000080000000,0x0000000082ee5a80,0x0000000083f80000)
 Metaspace       used 52519K, capacity 54928K, committed 55040K, reserved 1097728K
  class space    used 6644K, capacity 7122K, committed 7168K, reserved 1048576K
GC Heap History (10 events):
Event: 120.556 GC heap before
{Heap before GC invocations=23 (full 2):
 PSYoungGen      total 381952K, used 373101K [0x00000000d5580000, 0x00000000edd00000, 0x0000000100000000)
  eden space 370176K, 100% used [0x00000000d5580000,0x00000000ebf00000,0x00000000ebf00000)
  from space 11776K, 24% used [0x00000000ed180000,0x00000000ed45b650,0x00000000edd00000)
  to   space 15360K, 0% used [0x00000000ebf00000,0x00000000ebf00000,0x00000000ece00000)
 ParOldGen       total 65024K, used 47918K [0x0000000080000000, 0x0000000083f80000, 0x00000000d5580000)
  object space 65024K, 73% used [0x0000000080000000,0x0000000082ecb838,0x0000000083f80000)
 Metaspace       used 52466K, capacity 54860K, committed 55040K, reserved 1097728K
  class space    used 6642K, capacity 7122K, committed 7168K, reserved 1048576K
Event: 120.593 GC heap after
Heap after GC invocations=23 (full 2):
 PSYoungGen      total 385536K, used 4678K [0x00000000d5580000, 0x00000000f1d80000, 0x0000000100000000)
  eden space 370176K, 0% used [0x00000000d5580000,0x00000000d5580000,0x00000000ebf00000)
  from space 15360K, 30% used [0x00000000ebf00000,0x00000000ec391970,0x00000000ece00000)
  to   space 14848K, 0% used [0x00000000f0f00000,0x00000000f0f00000,0x00000000f1d80000)
 ParOldGen       total 65024K, used 47926K [0x0000000080000000, 0x0000000083f80000, 0x00000000d5580000)
  object space 65024K, 73% used [0x0000000080000000,0x0000000082ecd838,0x0000000083f80000)
 Metaspace       used 52466K, capacity 54860K, committed 55040K, reserved 1097728K
  class space    used 6642K, capacity 7122K, committed 7168K, reserved 1048576K
}
Event: 121.934 GC heap before
{Heap before GC invocations=24 (full 2):
 PSYoungGen      total 385536K, used 374854K [0x00000000d5580000, 0x00000000f1d80000, 0x0000000100000000)
  eden space 370176K, 100% used [0x00000000d5580000,0x00000000ebf00000,0x00000000ebf00000)
  from space 15360K, 30% used [0x00000000ebf00000,0x00000000ec391970,0x00000000ece00000)
  to   space 14848K, 0% used [0x00000000f0f00000,0x00000000f0f00000,0x00000000f1d80000)
 ParOldGen       total 65024K, used 47973K [0x0000000080000000, 0x0000000083f80000, 0x00000000d5580000)
  object space 65024K, 73% used [0x0000000080000000,0x0000000082ed96b8,0x0000000083f80000)
 Metaspace       used 52490K, capacity 54864K, committed 55040K, reserved 1097728K
  class space    used 6644K, capacity 7122K, committed 7168K, reserved 1048576K
Event: 121.942 GC heap after
Heap after GC invocations=24 (full 2):
 PSYoungGen      total 443904K, used 6133K [0x00000000d5580000, 0x00000000f1880000, 0x0000000100000000)
  eden space 434176K, 0% used [0x00000000d5580000,0x00000000d5580000,0x00000000efd80000)
  from space 9728K, 63% used [0x00000000f0f00000,0x00000000f14fd5e8,0x00000000f1880000)
  to   space 13824K, 0% used [0x00000000efd80000,0x00000000efd80000,0x00000000f0b00000)
 ParOldGen       total 65024K, used 47981K [0x0000000080000000, 0x0000000083f80000, 0x00000000d5580000)
  object space 65024K, 73% used [0x0000000080000000,0x0000000082edb6b8,0x0000000083f80000)
 Metaspace       used 52490K, capacity 54864K, committed 55040K, reserved 1097728K
  class space    used 6644K, capacity 7122K, committed 7168K, reserved 1048576K
}
Event: 123.119 GC heap before
{Heap before GC invocations=25 (full 2):
 PSYoungGen      total 443904K, used 440309K [0x00000000d5580000, 0x00000000f1880000, 0x0000000100000000)
  eden space 434176K, 100% used [0x00000000d5580000,0x00000000efd80000,0x00000000efd80000)
  from space 9728K, 63% used [0x00000000f0f00000,0x00000000f14fd5e8,0x00000000f1880000)
  to   space 13824K, 0% used [0x00000000efd80000,0x00000000efd80000,0x00000000f0b00000)
 ParOldGen       total 65024K, used 47984K [0x0000000080000000, 0x0000000083f80000, 0x00000000d5580000)
  object space 65024K, 73% used [0x0000000080000000,0x0000000082edc280,0x0000000083f80000)
 Metaspace       used 52497K, capacity 54864K, committed 55040K, reserved 1097728K
  class space    used 6644K, capacity 7122K, committed 7168K, reserved 1048576K
Event: 123.128 GC heap after
Heap after GC invocations=25 (full 2):
 PSYoungGen      total 448000K, used 5952K [0x00000000d5580000, 0x00000000f6000000, 0x0000000100000000)
  eden space 434176K, 0% used [0x00000000d5580000,0x00000000d5580000,0x00000000efd80000)
  from space 13824K, 43% used [0x00000000efd80000,0x00000000f0350050,0x00000000f0b00000)
  to   space 13312K, 0% used [0x00000000f5300000,0x00000000f5300000,0x00000000f6000000)
 ParOldGen       total 65024K, used 47992K [0x0000000080000000, 0x0000000083f80000, 0x00000000d5580000)
  object space 65024K, 73% used [0x0000000080000000,0x0000000082ede280,0x0000000083f80000)
 Metaspace       used 52497K, capacity 54864K, committed 55040K, reserved 1097728K
  class space    used 6644K, capacity 7122K, committed 7168K, reserved 1048576K
}
Event: 123.886 GC heap before
{Heap before GC invocations=26 (full 2):
 PSYoungGen      total 448000K, used 440128K [0x00000000d5580000, 0x00000000f6000000, 0x0000000100000000)
  eden space 434176K, 100% used [0x00000000d5580000,0x00000000efd80000,0x00000000efd80000)
  from space 13824K, 43% used [0x00000000efd80000,0x00000000f0350050,0x00000000f0b00000)
  to   space 13312K, 0% used [0x00000000f5300000,0x00000000f5300000,0x00000000f6000000)
 ParOldGen       total 65024K, used 47996K [0x0000000080000000, 0x0000000083f80000, 0x00000000d5580000)
  object space 65024K, 73% used [0x0000000080000000,0x0000000082edf210,0x0000000083f80000)
 Metaspace       used 52503K, capacity 54928K, committed 55040K, reserved 1097728K
  class space    used 6644K, capacity 7122K, committed 7168K, reserved 1048576K
Event: 123.892 GC heap after
Heap after GC invocations=26 (full 2):
 PSYoungGen      total 521728K, used 3456K [0x00000000d5580000, 0x00000000f5f80000, 0x0000000100000000)
  eden space 508928K, 0% used [0x00000000d5580000,0x00000000d5580000,0x00000000f4680000)
  from space 12800K, 27% used [0x00000000f5300000,0x00000000f5660000,0x00000000f5f80000)
  to   space 12800K, 0% used [0x00000000f4680000,0x00000000f4680000,0x00000000f5300000)
 ParOldGen       total 65024K, used 48004K [0x0000000080000000, 0x0000000083f80000, 0x00000000d5580000)
  object space 65024K, 73% used [0x0000000080000000,0x0000000082ee1210,0x0000000083f80000)
 Metaspace       used 52503K, capacity 54928K, committed 55040K, reserved 1097728K
  class space    used 6644K, capacity 7122K, committed 7168K, reserved 1048576K
}
Event: 125.463 GC heap before
{Heap before GC invocations=27 (full 2):
 PSYoungGen      total 521728K, used 512384K [0x00000000d5580000, 0x00000000f5f80000, 0x0000000100000000)
  eden space 508928K, 100% used [0x00000000d5580000,0x00000000f4680000,0x00000000f4680000)
  from space 12800K, 27% used [0x00000000f5300000,0x00000000f5660000,0x00000000f5f80000)
  to   space 12800K, 0% used [0x00000000f4680000,0x00000000f4680000,0x00000000f5300000)
 ParOldGen       total 65024K, used 48022K [0x0000000080000000, 0x0000000083f80000, 0x00000000d5580000)
  object space 65024K, 73% used [0x0000000080000000,0x0000000082ee5a80,0x0000000083f80000)
 Metaspace       used 52504K, capacity 54928K, committed 55040K, reserved 1097728K
  class space    used 6644K, capacity 7122K, committed 7168K, reserved 1048576K
Event: 125.472 GC heap after
Heap after GC invocations=27 (full 2):
 PSYoungGen      total 521728K, used 5344K [0x00000000d5580000, 0x00000000f9c00000, 0x0000000100000000)
  eden space 508928K, 0% used [0x00000000d5580000,0x00000000d5580000,0x00000000f4680000)
  from space 12800K, 41% used [0x00000000f4680000,0x00000000f4bb8010,0x00000000f5300000)
  to   space 12288K, 0% used [0x00000000f9000000,0x00000000f9000000,0x00000000f9c00000)
 ParOldGen       total 65024K, used 48022K [0x0000000080000000, 0x0000000083f80000, 0x00000000d5580000)
  object space 65024K, 73% used [0x0000000080000000,0x0000000082ee5a80,0x0000000083f80000)
 Metaspace       used 52504K, capacity 54928K, committed 55040K, reserved 1097728K
  class space    used 6644K, capacity 7122K, committed 7168K, reserved 1048576K
}

