# JRE version: OpenJDK Runtime Environment (8.0_242-b01) (build 1.8.0_242-release-1644-b01)
# Java VM: OpenJDK 64-Bit Server VM (25.242-b01 mixed mode windows-amd64 compressed oops)
Heap:
 PSYoungGen      total 105984K, used 1341K [0x00000000d5580000, 0x00000000dc880000, 0x0000000100000000)
  eden space 97280K, 0% used [0x00000000d5580000,0x00000000d5580000,0x00000000db480000)
  from space 8704K, 15% used [0x00000000dbe00000,0x00000000dbf4f438,0x00000000dc680000)
  to   space 9728K, 0% used [0x00000000db480000,0x00000000db480000,0x00000000dbe00000)
 ParOldGen       total 68096K, used 15463K [0x0000000080000000, 0x0000000084280000, 0x00000000d5580000)
  object space 68096K, 22% used [0x0000000080000000,0x0000000080f19e18,0x0000000084280000)
 Metaspace       used 34601K, capacity 36007K, committed 36136K, reserved 1085440K
  class space    used 4776K, capacity 5088K, committed 5160K, reserved 1048576K
GC Heap History (10 events):
Event: 4.569 GC heap after
Heap after GC invocations=8 (full 1):
 PSYoungGen      total 107008K, used 0K [0x00000000d5580000, 0x00000000dc880000, 0x0000000100000000)
  eden space 97280K, 0% used [0x00000000d5580000,0x00000000d5580000,0x00000000db480000)
  from space 9728K, 0% used [0x00000000db480000,0x00000000db480000,0x00000000dbe00000)
  to   space 8704K, 0% used [0x00000000dbe00000,0x00000000dbe00000,0x00000000dc680000)
 ParOldGen       total 47616K, used 8935K [0x0000000080000000, 0x0000000082e80000, 0x00000000d5580000)
  object space 47616K, 18% used [0x0000000080000000,0x00000000808b9d38,0x0000000082e80000)
 Metaspace       used 20380K, capacity 21213K, committed 21296K, reserved 1067008K
  class space    used 2949K, capacity 3200K, committed 3200K, reserved 1048576K
}
Event: 11.647 GC heap before
{Heap before GC invocations=9 (full 1):
 PSYoungGen      total 107008K, used 97280K [0x00000000d5580000, 0x00000000dc880000, 0x0000000100000000)
  eden space 97280K, 100% used [0x00000000d5580000,0x00000000db480000,0x00000000db480000)
  from space 9728K, 0% used [0x00000000db480000,0x00000000db480000,0x00000000dbe00000)
  to   space 8704K, 0% used [0x00000000dbe00000,0x00000000dbe00000,0x00000000dc680000)
 ParOldGen       total 47616K, used 8935K [0x0000000080000000, 0x0000000082e80000, 0x00000000d5580000)
  object space 47616K, 18% used [0x0000000080000000,0x00000000808b9d38,0x0000000082e80000)
 Metaspace       used 29709K, capacity 30895K, committed 31232K, reserved 1075200K
  class space    used 4252K, capacity 4515K, committed 4608K, reserved 1048576K
Event: 11.661 GC heap after
Heap after GC invocations=9 (full 1):
 PSYoungGen      total 105984K, used 8699K [0x00000000d5580000, 0x00000000dc880000, 0x0000000100000000)
  eden space 97280K, 0% used [0x00000000d5580000,0x00000000d5580000,0x00000000db480000)
  from space 8704K, 99% used [0x00000000dbe00000,0x00000000dc67ee78,0x00000000dc680000)
  to   space 9728K, 0% used [0x00000000db480000,0x00000000db480000,0x00000000dbe00000)
 ParOldGen       total 47616K, used 10386K [0x0000000080000000, 0x0000000082e80000, 0x00000000d5580000)
  object space 47616K, 21% used [0x0000000080000000,0x0000000080a24960,0x0000000082e80000)
 Metaspace       used 29709K, capacity 30895K, committed 31232K, reserved 1075200K
  class space    used 4252K, capacity 4515K, committed 4608K, reserved 1048576K
}
Event: 12.384 GC heap before
{Heap before GC invocations=10 (full 1):
 PSYoungGen      total 105984K, used 67810K [0x00000000d5580000, 0x00000000dc880000, 0x0000000100000000)
  eden space 97280K, 60% used [0x00000000d5580000,0x00000000d8f39aa8,0x00000000db480000)
  from space 8704K, 99% used [0x00000000dbe00000,0x00000000dc67ee78,0x00000000dc680000)
  to   space 9728K, 0% used [0x00000000db480000,0x00000000db480000,0x00000000dbe00000)
 ParOldGen       total 47616K, used 10386K [0x0000000080000000, 0x0000000082e80000, 0x00000000d5580000)
  object space 47616K, 21% used [0x0000000080000000,0x0000000080a24960,0x0000000082e80000)
 Metaspace       used 34064K, capacity 35441K, committed 35496K, reserved 1079296K
  class space    used 4694K, capacity 5010K, committed 5032K, reserved 1048576K
Event: 12.395 GC heap after
Heap after GC invocations=10 (full 1):
 PSYoungGen      total 107008K, used 8645K [0x00000000d5580000, 0x00000000dc880000, 0x0000000100000000)
  eden space 97280K, 0% used [0x00000000d5580000,0x00000000d5580000,0x00000000db480000)
  from space 9728K, 88% used [0x00000000db480000,0x00000000dbcf1658,0x00000000dbe00000)
  to   space 8704K, 0% used [0x00000000dbe00000,0x00000000dbe00000,0x00000000dc680000)
 ParOldGen       total 47616K, used 10394K [0x0000000080000000, 0x0000000082e80000, 0x00000000d5580000)
  object space 47616K, 21% used [0x0000000080000000,0x0000000080a26960,0x0000000082e80000)
 Metaspace       used 34064K, capacity 35441K, committed 35496K, reserved 1079296K
  class space    used 4694K, capacity 5010K, committed 5032K, reserved 1048576K
}
Event: 12.395 GC heap before
{Heap before GC invocations=11 (full 2):
 PSYoungGen      total 107008K, used 8645K [0x00000000d5580000, 0x00000000dc880000, 0x0000000100000000)
  eden space 97280K, 0% used [0x00000000d5580000,0x00000000d5580000,0x00000000db480000)
  from space 9728K, 88% used [0x00000000db480000,0x00000000dbcf1658,0x00000000dbe00000)
  to   space 8704K, 0% used [0x00000000dbe00000,0x00000000dbe00000,0x00000000dc680000)
 ParOldGen       total 47616K, used 10394K [0x0000000080000000, 0x0000000082e80000, 0x00000000d5580000)
  object space 47616K, 21% used [0x0000000080000000,0x0000000080a26960,0x0000000082e80000)
 Metaspace       used 34064K, capacity 35441K, committed 35496K, reserved 1079296K
  class space    used 4694K, capacity 5010K, committed 5032K, reserved 1048576K
Event: 12.449 GC heap after
Heap after GC invocations=11 (full 2):
 PSYoungGen      total 107008K, used 0K [0x00000000d5580000, 0x00000000dc880000, 0x0000000100000000)
  eden space 97280K, 0% used [0x00000000d5580000,0x00000000d5580000,0x00000000db480000)
  from space 9728K, 0% used [0x00000000db480000,0x00000000db480000,0x00000000dbe00000)
  to   space 8704K, 0% used [0x00000000dbe00000,0x00000000dbe00000,0x00000000dc680000)
 ParOldGen       total 68096K, used 15463K [0x0000000080000000, 0x0000000084280000, 0x00000000d5580000)
  object space 68096K, 22% used [0x0000000080000000,0x0000000080f19e18,0x0000000084280000)
 Metaspace       used 34064K, capacity 35441K, committed 35496K, reserved 1079296K
  class space    used 4694K, capacity 5010K, committed 5032K, reserved 1048576K
}
Event: 12.611 GC heap before
{Heap before GC invocations=12 (full 2):
 PSYoungGen      total 107008K, used 19141K [0x00000000d5580000, 0x00000000dc880000, 0x0000000100000000)
  eden space 97280K, 19% used [0x00000000d5580000,0x00000000d68315e8,0x00000000db480000)
  from space 9728K, 0% used [0x00000000db480000,0x00000000db480000,0x00000000dbe00000)
  to   space 8704K, 0% used [0x00000000dbe00000,0x00000000dbe00000,0x00000000dc680000)
 ParOldGen       total 68096K, used 15463K [0x0000000080000000, 0x0000000084280000, 0x00000000d5580000)
  object space 68096K, 22% used [0x0000000080000000,0x0000000080f19e18,0x0000000084280000)
 Metaspace       used 34601K, capacity 36007K, committed 36136K, reserved 1085440K
  class space    used 4776K, capacity 5088K, committed 5160K, reserved 1048576K
Event: 12.616 GC heap after
Heap after GC invocations=12 (full 2):
 PSYoungGen      total 105984K, used 1341K [0x00000000d5580000, 0x00000000dc880000, 0x0000000100000000)
  eden space 97280K, 0% used [0x00000000d5580000,0x00000000d5580000,0x00000000db480000)
  from space 8704K, 15% used [0x00000000dbe00000,0x00000000dbf4f438,0x00000000dc680000)
  to   space 9728K, 0% used [0x00000000db480000,0x00000000db480000,0x00000000dbe00000)
 ParOldGen       total 68096K, used 15463K [0x0000000080000000, 0x0000000084280000, 0x00000000d5580000)
  object space 68096K, 22% used [0x0000000080000000,0x0000000080f19e18,0x0000000084280000)
 Metaspace       used 34601K, capacity 36007K, committed 36136K, reserved 1085440K
  class space    used 4776K, capacity 5088K, committed 5160K, reserved 1048576K
}
Event: 12.616 GC heap before
{Heap before GC invocations=13 (full 3):
 PSYoungGen      total 105984K, used 1341K [0x00000000d5580000, 0x00000000dc880000, 0x0000000100000000)
  eden space 97280K, 0% used [0x00000000d5580000,0x00000000d5580000,0x00000000db480000)
  from space 8704K, 15% used [0x00000000dbe00000,0x00000000dbf4f438,0x00000000dc680000)
  to   space 9728K, 0% used [0x00000000db480000,0x00000000db480000,0x00000000dbe00000)
 ParOldGen       total 68096K, used 15463K [0x0000000080000000, 0x0000000084280000, 0x00000000d5580000)
  object space 68096K, 22% used [0x0000000080000000,0x0000000080f19e18,0x0000000084280000)
 Metaspace       used 34601K, capacity 36007K, committed 36136K, reserved 1085440K
  class space    used 4776K, capacity 5088K, committed 5160K, reserved 1048576K

